<?xml version="1.0" encoding="UTF-8"?>
<robot generator="Robot 7.3 (Python 3.10.6 on win32)" generated="2025-06-02T20:03:31.892045" rpa="false" schemaversion="5">
<suite id="s1" name="Teste Login" source="C:\laragon\www\loginpage-main\tests\teste_login.robot">
<test id="s1-t1" name="Login Com Sucesso" line="14">
<kw name="Open Browser" owner="SeleniumLibrary">
<msg time="2025-06-02T20:03:34.095413" level="INFO">Opening browser 'chrome' to base url 'http://localhost:8000/index.html'.</msg>
<arg>${LOGIN_PAGE}</arg>
<arg>${BROWSER}</arg>
<doc>Opens a new browser instance to the optional ``url``.</doc>
<status status="PASS" start="2025-06-02T20:03:34.095413" elapsed="3.518885"/>
</kw>
<kw name="Input Text" owner="SeleniumLibrary">
<msg time="2025-06-02T20:03:37.615295" level="INFO">Typing text 'admin' into text field 'id=username'.</msg>
<arg>id=username</arg>
<arg>${VALID_USER}</arg>
<doc>Types the given ``text`` into the text field identified by ``locator``.</doc>
<status status="PASS" start="2025-06-02T20:03:37.615295" elapsed="0.086265"/>
</kw>
<kw name="Input Text" owner="SeleniumLibrary">
<msg time="2025-06-02T20:03:37.702556" level="INFO">Typing text '123456' into text field 'id=password'.</msg>
<arg>id=password</arg>
<arg>${VALID_PASSWORD}</arg>
<doc>Types the given ``text`` into the text field identified by ``locator``.</doc>
<status status="PASS" start="2025-06-02T20:03:37.702556" elapsed="0.059005"/>
</kw>
<kw name="Click Button" owner="SeleniumLibrary">
<msg time="2025-06-02T20:03:37.762560" level="INFO">Clicking button 'xpath=//button'.</msg>
<arg>xpath=//button</arg>
<doc>Clicks the button identified by ``locator``.</doc>
<status status="PASS" start="2025-06-02T20:03:37.762560" elapsed="0.085069"/>
</kw>
<kw name="Sleep" owner="BuiltIn">
<msg time="2025-06-02T20:03:38.861403" level="INFO">Slept 1 second.</msg>
<arg>1s</arg>
<doc>Pauses the test executed for the given time.</doc>
<status status="PASS" start="2025-06-02T20:03:37.848633" elapsed="1.012770"/>
</kw>
<kw name="Location Should Contain" owner="SeleniumLibrary">
<msg time="2025-06-02T20:03:38.865404" level="INFO">Current location contains 'dashboard.html'.</msg>
<arg>dashboard.html</arg>
<doc>Verifies that the current URL contains ``expected``.</doc>
<status status="PASS" start="2025-06-02T20:03:38.861403" elapsed="0.004001"/>
</kw>
<kw name="Close Browser" owner="SeleniumLibrary">
<doc>Closes the current browser.</doc>
<status status="PASS" start="2025-06-02T20:03:38.865404" elapsed="2.113991"/>
</kw>
<status status="PASS" start="2025-06-02T20:03:34.081406" elapsed="6.897989"/>
</test>
<test id="s1-t2" name="Login Com Usuário Inválido" line="23">
<kw name="Open Browser" owner="SeleniumLibrary">
<msg time="2025-06-02T20:03:40.981396" level="INFO">Opening browser 'chrome' to base url 'http://localhost:8000/index.html'.</msg>
<arg>${LOGIN_PAGE}</arg>
<arg>${BROWSER}</arg>
<doc>Opens a new browser instance to the optional ``url``.</doc>
<status status="PASS" start="2025-06-02T20:03:40.981396" elapsed="1.446988"/>
</kw>
<kw name="Input Text" owner="SeleniumLibrary">
<msg time="2025-06-02T20:03:42.429384" level="INFO">Typing text 'errado' into text field 'id=username'.</msg>
<arg>id=username</arg>
<arg>${INVALID_USER}</arg>
<doc>Types the given ``text`` into the text field identified by ``locator``.</doc>
<status status="PASS" start="2025-06-02T20:03:42.429384" elapsed="0.080043"/>
</kw>
<kw name="Input Text" owner="SeleniumLibrary">
<msg time="2025-06-02T20:03:42.509427" level="INFO">Typing text '123456' into text field 'id=password'.</msg>
<arg>id=password</arg>
<arg>${VALID_PASSWORD}</arg>
<doc>Types the given ``text`` into the text field identified by ``locator``.</doc>
<status status="PASS" start="2025-06-02T20:03:42.509427" elapsed="0.077000"/>
</kw>
<kw name="Click Button" owner="SeleniumLibrary">
<msg time="2025-06-02T20:03:42.587427" level="INFO">Clicking button 'xpath=//button'.</msg>
<arg>xpath=//button</arg>
<doc>Clicks the button identified by ``locator``.</doc>
<status status="PASS" start="2025-06-02T20:03:42.586427" elapsed="0.059519"/>
</kw>
<kw name="Sleep" owner="BuiltIn">
<msg time="2025-06-02T20:03:43.649808" level="INFO">Slept 1 second.</msg>
<arg>1s</arg>
<doc>Pauses the test executed for the given time.</doc>
<status status="PASS" start="2025-06-02T20:03:42.645946" elapsed="1.003862"/>
</kw>
<kw name="Element Text Should Be" owner="SeleniumLibrary">
<msg time="2025-06-02T20:03:43.650811" level="INFO">Verifying element 'id=error-message' contains exact text 'Usuário ou senha incorretos.'.</msg>
<arg>id=error-message</arg>
<arg>Usuário ou senha incorretos.</arg>
<doc>Verifies that element ``locator`` contains exact the text ``expected``.</doc>
<status status="PASS" start="2025-06-02T20:03:43.649808" elapsed="0.017006"/>
</kw>
<kw name="Close Browser" owner="SeleniumLibrary">
<doc>Closes the current browser.</doc>
<status status="PASS" start="2025-06-02T20:03:43.666814" elapsed="2.100614"/>
</kw>
<status status="PASS" start="2025-06-02T20:03:40.980397" elapsed="4.787031"/>
</test>
<test id="s1-t3" name="Login Com Senha Inválida" line="32">
<kw name="Open Browser" owner="SeleniumLibrary">
<msg time="2025-06-02T20:03:45.769428" level="INFO">Opening browser 'chrome' to base url 'http://localhost:8000/index.html'.</msg>
<arg>${LOGIN_PAGE}</arg>
<arg>${BROWSER}</arg>
<doc>Opens a new browser instance to the optional ``url``.</doc>
<status status="PASS" start="2025-06-02T20:03:45.769428" elapsed="1.450078"/>
</kw>
<kw name="Input Text" owner="SeleniumLibrary">
<msg time="2025-06-02T20:03:47.220506" level="INFO">Typing text 'admin' into text field 'id=username'.</msg>
<arg>id=username</arg>
<arg>${VALID_USER}</arg>
<doc>Types the given ``text`` into the text field identified by ``locator``.</doc>
<status status="PASS" start="2025-06-02T20:03:47.220506" elapsed="0.068519"/>
</kw>
<kw name="Input Text" owner="SeleniumLibrary">
<msg time="2025-06-02T20:03:47.290025" level="INFO">Typing text '000000' into text field 'id=password'.</msg>
<arg>id=password</arg>
<arg>${INVALID_PASSWORD}</arg>
<doc>Types the given ``text`` into the text field identified by ``locator``.</doc>
<status status="PASS" start="2025-06-02T20:03:47.290025" elapsed="0.061510"/>
</kw>
<kw name="Click Button" owner="SeleniumLibrary">
<msg time="2025-06-02T20:03:47.352534" level="INFO">Clicking button 'xpath=//button'.</msg>
<arg>xpath=//button</arg>
<doc>Clicks the button identified by ``locator``.</doc>
<status status="PASS" start="2025-06-02T20:03:47.352534" elapsed="0.058202"/>
</kw>
<kw name="Sleep" owner="BuiltIn">
<msg time="2025-06-02T20:03:48.423546" level="INFO">Slept 1 second.</msg>
<arg>1s</arg>
<doc>Pauses the test executed for the given time.</doc>
<status status="PASS" start="2025-06-02T20:03:47.410736" elapsed="1.012810"/>
</kw>
<kw name="Element Text Should Be" owner="SeleniumLibrary">
<msg time="2025-06-02T20:03:48.424548" level="INFO">Verifying element 'id=error-message' contains exact text 'Usuário ou senha incorretos.'.</msg>
<arg>id=error-message</arg>
<arg>Usuário ou senha incorretos.</arg>
<doc>Verifies that element ``locator`` contains exact the text ``expected``.</doc>
<status status="PASS" start="2025-06-02T20:03:48.423546" elapsed="0.015001"/>
</kw>
<kw name="Close Browser" owner="SeleniumLibrary">
<doc>Closes the current browser.</doc>
<status status="PASS" start="2025-06-02T20:03:48.438547" elapsed="2.103143"/>
</kw>
<status status="PASS" start="2025-06-02T20:03:45.768429" elapsed="4.773261"/>
</test>
<status status="PASS" start="2025-06-02T20:03:31.893047" elapsed="18.650644"/>
</suite>
<statistics>
<total>
<stat pass="3" fail="0" skip="0">All Tests</stat>
</total>
<tag>
</tag>
<suite>
<stat name="Teste Login" id="s1" pass="3" fail="0" skip="0">Teste Login</stat>
</suite>
</statistics>
<errors>
</errors>
</robot>
